<?xml version="1.0" encoding="utf-8"?><testsuites name="pytest tests"><testsuite name="pytest" errors="0" failures="0" skipped="0" tests="20" time="5.920" timestamp="2026-06-23T13:45:54.739074+00:00" hostname="agent-env-8940ca30-1065-40fb-8dd4-aa432451ae0e"><testcase classname="backend.tests.test_workspace_isolation.TestAuthIdentity" name="test_real_login_is_real" time="0.529" /><testcase classname="backend.tests.test_workspace_isolation.TestAuthIdentity" name="test_demo_login_is_demo" time="0.079" /><testcase classname="backend.tests.test_workspace_isolation.TestWorkspaceScopedLists" name="test_real_leads_empty" time="0.202" /><testcase classname="backend.tests.test_workspace_isolation.TestWorkspaceScopedLists" name="test_demo_leads_populated" time="0.151" /><testcase classname="backend.tests.test_workspace_isolation.TestWorkspaceScopedLists" name="test_real_team_only_real_members" time="0.033" /><testcase classname="backend.tests.test_workspace_isolation.TestWorkspaceScopedLists" name="test_demo_team_only_demo_members" time="0.033" /><testcase classname="backend.tests.test_workspace_isolation.TestWorkspaceScopedLists" name="test_real_other_lists_empty_or_near_empty[/api/meetings]" time="0.077" /><testcase classname="backend.tests.test_workspace_isolation.TestWorkspaceScopedLists" name="test_real_other_lists_empty_or_near_empty[/api/payments]" time="0.054" /><testcase classname="backend.tests.test_workspace_isolation.TestWorkspaceScopedLists" name="test_real_other_lists_empty_or_near_empty[/api/customers]" time="0.042" /><testcase classname="backend.tests.test_workspace_isolation.TestWorkspaceScopedLists" name="test_real_other_lists_empty_or_near_empty[/api/calendar]" time="0.076" /><testcase classname="backend.tests.test_workspace_isolation.TestWorkspaceScopedLists" name="test_real_other_lists_empty_or_near_empty[/api/coverage]" time="0.046" /><testcase classname="backend.tests.test_workspace_isolation.TestWorkspaceScopedLists" name="test_real_other_lists_empty_or_near_empty[/api/notifications]" time="0.075" /><testcase classname="backend.tests.test_workspace_isolation.TestWorkspaceScopedLists" name="test_real_search_does_not_leak_demo" time="0.076" /><testcase classname="backend.tests.test_workspace_isolation.TestCrossWorkspaceGuards" name="test_demo_cannot_touch_real_lead" time="0.382" /><testcase classname="backend.tests.test_workspace_isolation.TestCrossWorkspaceGuards" name="test_real_cannot_touch_demo_lead" time="0.240" /><testcase classname="backend.tests.test_workspace_isolation.TestSlackPaymentAlerts" name="test_slack_test_button_no_url" time="0.108" /><testcase classname="backend.tests.test_workspace_isolation.TestSlackPaymentAlerts" name="test_real_manual_payment_with_bad_slack_url_does_not_break_flow" time="0.235" /><testcase classname="backend.tests.test_workspace_isolation.TestSlackPaymentAlerts" name="test_demo_manual_payment_no_slack_attempt" time="0.175" /><testcase classname="backend.tests.test_workspace_isolation.TestSlackPaymentAlerts" name="test_payments_link_route_exists" time="0.038" /><testcase classname="backend.tests.test_workspace_isolation.TestDemoResetIsolation" name="test_demo_reset_keeps_real_empty" time="3.171" /></testsuite></testsuites>