<?xml version="1.0" encoding="utf-8"?><testsuites name="pytest tests"><testsuite name="pytest" errors="0" failures="0" skipped="0" tests="35" time="12.171" timestamp="2026-06-19T21:10:05.241622+00:00" hostname="agent-env-8940ca30-1065-40fb-8dd4-aa432451ae0e"><testcase classname="backend.tests.backend_test" name="test_login_bad_password" time="0.522" /><testcase classname="backend.tests.backend_test" name="test_auth_me_admin" time="0.521" /><testcase classname="backend.tests.backend_test" name="test_auth_me_agent" time="0.388" /><testcase classname="backend.tests.backend_test" name="test_unauth_protected" time="0.081" /><testcase classname="backend.tests.backend_test" name="test_team_has_new_members" time="0.080" /><testcase classname="backend.tests.backend_test" name="test_all_agent_logins" time="1.191" /><testcase classname="backend.tests.backend_test" name="test_meta_includes_booking_drivers" time="0.083" /><testcase classname="backend.tests.backend_test" name="test_create_and_get_lead" time="0.179" /><testcase classname="backend.tests.backend_test" name="test_duplicate_lead_email" time="0.227" /><testcase classname="backend.tests.backend_test" name="test_agent_only_sees_own_leads" time="0.167" /><testcase classname="backend.tests.backend_test" name="test_assign_and_round_robin" time="0.396" /><testcase classname="backend.tests.backend_test" name="test_update_stage_and_notes" time="0.291" /><testcase classname="backend.tests.backend_test" name="test_csv_import" time="0.071" /><testcase classname="backend.tests.backend_test" name="test_meeting_with_booking_driver" time="0.589" /><testcase classname="backend.tests.backend_test" name="test_meeting_no_show_followup" time="0.410" /><testcase classname="backend.tests.backend_test" name="test_settings_get_default_or_current" time="0.088" /><testcase classname="backend.tests.backend_test" name="test_settings_admin_can_update" time="0.331" /><testcase classname="backend.tests.backend_test" name="test_settings_agent_cannot_update" time="0.164" /><testcase classname="backend.tests.backend_test" name="test_packages" time="0.080" /><testcase classname="backend.tests.backend_test" name="test_stripe_preset_usd" time="0.883" /><testcase classname="backend.tests.backend_test" name="test_inr_payment_link_converts_to_usd" time="0.245" /><testcase classname="backend.tests.backend_test" name="test_razorpay_simulate_marks_paid_and_won" time="0.425" /><testcase classname="backend.tests.backend_test" name="test_payment_link_invalid_amount" time="0.153" /><testcase classname="backend.tests.backend_test" name="test_dashboard_admin_has_booking_drivers" time="0.076" /><testcase classname="backend.tests.backend_test" name="test_dashboard_agent_scoped" time="0.075" /><testcase classname="backend.tests.backend_test" name="test_dashboard_revenue_usd_after_inr_payment" time="0.471" /><testcase classname="backend.tests.backend_test" name="test_campaign_create_and_send" time="0.254" /><testcase classname="backend.tests.backend_test" name="test_audit_logs_include_fx_update" time="0.160" /><testcase classname="backend.tests.backend_test" name="test_coverage_admin_only" time="0.167" /><testcase classname="backend.tests.backend_test" name="test_coverage_totals_seed" time="0.624" /><testcase classname="backend.tests.backend_test" name="test_lead_region_create_and_update" time="0.248" /><testcase classname="backend.tests.backend_test" name="test_sticky_ownership_won_locks_and_routes" time="0.966" /><testcase classname="backend.tests.backend_test" name="test_reopen_lead_for_upsell" time="0.769" /><testcase classname="backend.tests.backend_test" name="test_reopen_requires_owner" time="0.138" /><testcase classname="backend.tests.backend_test" name="test_payment_complete_sets_locked_and_revenue" time="0.580" /></testsuite></testsuites>