<?xml version="1.0" encoding="utf-8"?><testsuites name="pytest tests"><testsuite name="pytest" errors="0" failures="0" skipped="0" tests="35" time="14.101" timestamp="2026-06-17T18:46:50.391343+00:00" hostname="agent-env-8940ca30-1065-40fb-8dd4-aa432451ae0e"><testcase classname="backend.tests.backend_test" name="test_login_bad_password" time="0.547" /><testcase classname="backend.tests.backend_test" name="test_auth_me_admin" time="0.529" /><testcase classname="backend.tests.backend_test" name="test_auth_me_agent" time="0.427" /><testcase classname="backend.tests.backend_test" name="test_unauth_protected" time="0.119" /><testcase classname="backend.tests.backend_test" name="test_team_has_new_members" time="0.095" /><testcase classname="backend.tests.backend_test" name="test_all_agent_logins" time="1.245" /><testcase classname="backend.tests.backend_test" name="test_meta_includes_booking_drivers" time="0.111" /><testcase classname="backend.tests.backend_test" name="test_create_and_get_lead" time="0.194" /><testcase classname="backend.tests.backend_test" name="test_duplicate_lead_email" time="0.227" /><testcase classname="backend.tests.backend_test" name="test_agent_only_sees_own_leads" time="0.542" /><testcase classname="backend.tests.backend_test" name="test_assign_and_round_robin" time="0.545" /><testcase classname="backend.tests.backend_test" name="test_update_stage_and_notes" time="0.413" /><testcase classname="backend.tests.backend_test" name="test_csv_import" time="0.094" /><testcase classname="backend.tests.backend_test" name="test_meeting_with_booking_driver" time="0.674" /><testcase classname="backend.tests.backend_test" name="test_meeting_no_show_followup" time="0.428" /><testcase classname="backend.tests.backend_test" name="test_settings_get_default_or_current" time="0.099" /><testcase classname="backend.tests.backend_test" name="test_settings_admin_can_update" time="0.372" /><testcase classname="backend.tests.backend_test" name="test_settings_agent_cannot_update" time="0.163" /><testcase classname="backend.tests.backend_test" name="test_packages" time="0.097" /><testcase classname="backend.tests.backend_test" name="test_stripe_preset_usd" time="1.028" /><testcase classname="backend.tests.backend_test" name="test_inr_payment_link_converts_to_usd" time="0.297" /><testcase classname="backend.tests.backend_test" name="test_razorpay_simulate_marks_paid_and_won" time="0.434" /><testcase classname="backend.tests.backend_test" name="test_payment_link_invalid_amount" time="0.181" /><testcase classname="backend.tests.backend_test" name="test_dashboard_admin_has_booking_drivers" time="0.083" /><testcase classname="backend.tests.backend_test" name="test_dashboard_agent_scoped" time="0.080" /><testcase classname="backend.tests.backend_test" name="test_dashboard_revenue_usd_after_inr_payment" time="0.606" /><testcase classname="backend.tests.backend_test" name="test_campaign_create_and_send" time="0.397" /><testcase classname="backend.tests.backend_test" name="test_audit_logs_include_fx_update" time="0.243" /><testcase classname="backend.tests.backend_test" name="test_coverage_admin_only" time="0.184" /><testcase classname="backend.tests.backend_test" name="test_coverage_totals_seed" time="0.725" /><testcase classname="backend.tests.backend_test" name="test_lead_region_create_and_update" time="0.244" /><testcase classname="backend.tests.backend_test" name="test_sticky_ownership_won_locks_and_routes" time="0.813" /><testcase classname="backend.tests.backend_test" name="test_reopen_lead_for_upsell" time="0.975" /><testcase classname="backend.tests.backend_test" name="test_reopen_requires_owner" time="0.183" /><testcase classname="backend.tests.backend_test" name="test_payment_complete_sets_locked_and_revenue" time="0.582" /></testsuite></testsuites>