<?xml version="1.0" encoding="utf-8"?><testsuites name="pytest tests"><testsuite name="pytest" errors="0" failures="0" skipped="0" tests="13" time="3.268" timestamp="2026-06-17T19:03:07.588227+00:00" hostname="agent-env-8940ca30-1065-40fb-8dd4-aa432451ae0e"><testcase classname="backend.tests.test_auth" name="test_hash_verify_roundtrip" time="0.664" /><testcase classname="backend.tests.test_auth" name="test_verify_handles_bad_hash" time="0.000" /><testcase classname="backend.tests.test_auth" name="test_long_password_does_not_raise" time="0.443" /><testcase classname="backend.tests.test_auth" name="test_safe_insert_tolerates_duplicate" time="0.006" /><testcase classname="backend.tests.test_auth" name="test_login_admin_success" time="0.227" /><testcase classname="backend.tests.test_auth" name="test_login_agent_success" time="0.225" /><testcase classname="backend.tests.test_auth" name="test_login_wrong_password_401" time="0.225" /><testcase classname="backend.tests.test_auth" name="test_login_unknown_user_401" time="0.003" /><testcase classname="backend.tests.test_auth" name="test_me_requires_token" time="0.228" /><testcase classname="backend.tests.test_auth" name="test_login_sets_httponly_cookie" time="0.225" /><testcase classname="backend.tests.test_auth" name="test_cookie_session_authenticates_me" time="0.227" /><testcase classname="backend.tests.test_auth" name="test_cookie_mutation_requires_csrf" time="0.227" /><testcase classname="backend.tests.test_auth" name="test_bearer_mutation_skips_csrf" time="0.226" /></testsuite></testsuites>