<?xml version="1.0" encoding="utf-8"?><testsuites name="pytest tests"><testsuite name="pytest" errors="0" failures="0" skipped="0" tests="35" time="15.857" timestamp="2026-06-17T19:03:17.794269+00:00" hostname="agent-env-8940ca30-1065-40fb-8dd4-aa432451ae0e"><testcase classname="backend.tests.backend_test" name="test_login_bad_password" time="0.603" /><testcase classname="backend.tests.backend_test" name="test_auth_me_admin" time="0.574" /><testcase classname="backend.tests.backend_test" name="test_auth_me_agent" time="0.450" /><testcase classname="backend.tests.backend_test" name="test_unauth_protected" time="0.078" /><testcase classname="backend.tests.backend_test" name="test_team_has_new_members" time="0.083" /><testcase classname="backend.tests.backend_test" name="test_all_agent_logins" time="1.312" /><testcase classname="backend.tests.backend_test" name="test_meta_includes_booking_drivers" time="0.094" /><testcase classname="backend.tests.backend_test" name="test_create_and_get_lead" time="0.197" /><testcase classname="backend.tests.backend_test" name="test_duplicate_lead_email" time="0.188" /><testcase classname="backend.tests.backend_test" name="test_agent_only_sees_own_leads" time="0.171" /><testcase classname="backend.tests.backend_test" name="test_assign_and_round_robin" time="0.466" /><testcase classname="backend.tests.backend_test" name="test_update_stage_and_notes" time="0.358" /><testcase classname="backend.tests.backend_test" name="test_csv_import" time="0.072" /><testcase classname="backend.tests.backend_test" name="test_meeting_with_booking_driver" time="0.697" /><testcase classname="backend.tests.backend_test" name="test_meeting_no_show_followup" time="0.418" /><testcase classname="backend.tests.backend_test" name="test_settings_get_default_or_current" time="0.095" /><testcase classname="backend.tests.backend_test" name="test_settings_admin_can_update" time="0.359" /><testcase classname="backend.tests.backend_test" name="test_settings_agent_cannot_update" time="0.164" /><testcase classname="backend.tests.backend_test" name="test_packages" time="0.087" /><testcase classname="backend.tests.backend_test" name="test_stripe_preset_usd" time="1.276" /><testcase classname="backend.tests.backend_test" name="test_inr_payment_link_converts_to_usd" time="0.329" /><testcase classname="backend.tests.backend_test" name="test_razorpay_simulate_marks_paid_and_won" time="0.417" /><testcase classname="backend.tests.backend_test" name="test_payment_link_invalid_amount" time="0.191" /><testcase classname="backend.tests.backend_test" name="test_dashboard_admin_has_booking_drivers" time="0.199" /><testcase classname="backend.tests.backend_test" name="test_dashboard_agent_scoped" time="0.101" /><testcase classname="backend.tests.backend_test" name="test_dashboard_revenue_usd_after_inr_payment" time="0.529" /><testcase classname="backend.tests.backend_test" name="test_campaign_create_and_send" time="0.277" /><testcase classname="backend.tests.backend_test" name="test_audit_logs_include_fx_update" time="0.184" /><testcase classname="backend.tests.backend_test" name="test_coverage_admin_only" time="0.195" /><testcase classname="backend.tests.backend_test" name="test_coverage_totals_seed" time="0.747" /><testcase classname="backend.tests.backend_test" name="test_lead_region_create_and_update" time="0.268" /><testcase classname="backend.tests.backend_test" name="test_sticky_ownership_won_locks_and_routes" time="0.784" /><testcase classname="backend.tests.backend_test" name="test_reopen_lead_for_upsell" time="0.868" /><testcase classname="backend.tests.backend_test" name="test_reopen_requires_owner" time="2.210" /><testcase classname="backend.tests.backend_test" name="test_payment_complete_sets_locked_and_revenue" time="0.737" /></testsuite></testsuites>