<?xml version="1.0" encoding="utf-8"?><testsuites name="pytest tests"><testsuite name="pytest" errors="0" failures="0" skipped="0" tests="14" time="4.092" timestamp="2026-06-30T10:22:14.588619+00:00" hostname="agent-env-8940ca30-1065-40fb-8dd4-aa432451ae0e"><testcase classname="backend.tests.test_security_fixes.TestSec001WebhookFailClosed" name="test_stripe_webhook_no_signature_rejected" time="0.296" /><testcase classname="backend.tests.test_security_fixes.TestSec001WebhookFailClosed" name="test_stripe_webhook_invalid_signature_rejected" time="0.078" /><testcase classname="backend.tests.test_security_fixes.TestSec001WebhookFailClosed" name="test_razorpay_webhook_no_signature_rejected" time="0.192" /><testcase classname="backend.tests.test_security_fixes.TestSec001WebhookFailClosed" name="test_razorpay_webhook_invalid_signature_rejected" time="0.080" /><testcase classname="backend.tests.test_security_fixes.TestSec001NoEffect" name="test_forged_stripe_webhook_does_not_flip_payment_to_paid" time="0.852" /><testcase classname="backend.tests.test_security_fixes.TestDemoSimulateNotRegressed" name="test_demo_simulate_marks_paid" time="0.266" /><testcase classname="backend.tests.test_security_fixes.TestDemoSimulateNotRegressed" name="test_demo_simulate_linked_lead_becomes_won" time="0.958" /><testcase classname="backend.tests.test_security_fixes.TestSec003ServerSideCredits" name="test_forged_credits_ignored_multiplier_10" time="0.072" /><testcase classname="backend.tests.test_security_fixes.TestSec003ServerSideCredits" name="test_multiplier_clamped_to_max" time="0.088" /><testcase classname="backend.tests.test_security_fixes.TestAvatarHardening" name="test_svg_rejected" time="0.090" /><testcase classname="backend.tests.test_security_fixes.TestAvatarHardening" name="test_non_image_rejected" time="0.082" /><testcase classname="backend.tests.test_security_fixes.TestAvatarHardening" name="test_png_accepted" time="0.179" /><testcase classname="backend.tests.test_security_fixes.TestCrossWorkspaceIsolation" name="test_demo_payment_id_not_visible_to_real_admin" time="0.508" /><testcase classname="backend.tests.test_security_fixes.TestCrossWorkspaceIsolation" name="test_real_payment_id_not_visible_to_demo" time="0.186" /></testsuite></testsuites>